<?xml version="1.0" encoding="UTF-8"?>
<!-- Generated by org.testng.reporters.JUnitReportReporter -->
<testsuite skipped="0" hostname="LAPTOP-MPNT8J29" name="frameworkpractice.Tc001_login" tests="1" failures="0" timestamp="2021-01-29T22:05:07 GMT" time="3.085" errors="1">
  <testcase name="login" time="3.085" classname="frameworkpractice.Tc001_login">
    <error type="org.openqa.selenium.WebDriverException" message="unknown error: cannot find Chrome binary
Build info: version: &#039;3.141.59&#039;, revision: &#039;e82be7d358&#039;, time: &#039;2018-11-14T08:17:03&#039;
System info: host: &#039;LAPTOP-MPNT8J29&#039;, ip: &#039;192.168.0.14&#039;, os.name: &#039;Windows 10&#039;, os.arch: &#039;amd64&#039;, os.version: &#039;10.0&#039;, java.version: &#039;1.8.0_171&#039;
Driver info: driver.version: ChromeDriver
remote stacktrace: Backtrace:
	Ordinal0 [0x006DC0C3+3326147]
	Ordinal0 [0x005C0851+2164817]
	Ordinal0 [0x00447298+619160]
	Ordinal0 [0x003BD6B2+54962]
	Ordinal0 [0x003BC38A+50058]
	Ordinal0 [0x003E5F3E+220990]
	Ordinal0 [0x003E5CAC+220332]
	Ordinal0 [0x003E189B+202907]
	Ordinal0 [0x003C3DF4+81396]
	Ordinal0 [0x003C4DEE+85486]
	Ordinal0 [0x003C4D79+85369]
	Ordinal0 [0x005D85DC+2262492]
	GetHandleVerifier [0x00862874+1487204]
	GetHandleVerifier [0x008623CD+1486013]
	GetHandleVerifier [0x0086A368+1518680]
	GetHandleVerifier [0x00862F4E+1488958]
	Ordinal0 [0x005CED0D+2223373]
	Ordinal0 [0x005DA12B+2269483]
	Ordinal0 [0x005DA26F+2269807]
	Ordinal0 [0x005EECB8+2354360]
	BaseThreadInitThunk [0x76936359+25]
	RtlGetAppContainerNamedObjectPath [0x77608944+228]
	RtlGetAppContainerNamedObjectPath [0x77608914+180]
">
      <![CDATA[org.openqa.selenium.WebDriverException: unknown error: cannot find Chrome binary
Build info: version: '3.141.59', revision: 'e82be7d358', time: '2018-11-14T08:17:03'
System info: host: 'LAPTOP-MPNT8J29', ip: '192.168.0.14', os.name: 'Windows 10', os.arch: 'amd64', os.version: '10.0', java.version: '1.8.0_171'
Driver info: driver.version: ChromeDriver
remote stacktrace: Backtrace:
Ordinal0 [0x006DC0C3+3326147]
Ordinal0 [0x005C0851+2164817]
Ordinal0 [0x00447298+619160]
Ordinal0 [0x003BD6B2+54962]
Ordinal0 [0x003BC38A+50058]
Ordinal0 [0x003E5F3E+220990]
Ordinal0 [0x003E5CAC+220332]
Ordinal0 [0x003E189B+202907]
Ordinal0 [0x003C3DF4+81396]
Ordinal0 [0x003C4DEE+85486]
Ordinal0 [0x003C4D79+85369]
Ordinal0 [0x005D85DC+2262492]
GetHandleVerifier [0x00862874+1487204]
GetHandleVerifier [0x008623CD+1486013]
GetHandleVerifier [0x0086A368+1518680]
GetHandleVerifier [0x00862F4E+1488958]
Ordinal0 [0x005CED0D+2223373]
Ordinal0 [0x005DA12B+2269483]
Ordinal0 [0x005DA26F+2269807]
Ordinal0 [0x005EECB8+2354360]
BaseThreadInitThunk [0x76936359+25]
RtlGetAppContainerNamedObjectPath [0x77608944+228]
RtlGetAppContainerNamedObjectPath [0x77608914+180]

at sun.reflect.NativeConstructorAccessorImpl.newInstance0(Native Method)
at sun.reflect.NativeConstructorAccessorImpl.newInstance(Unknown Source)
at sun.reflect.DelegatingConstructorAccessorImpl.newInstance(Unknown Source)
at java.lang.reflect.Constructor.newInstance(Unknown Source)
at org.openqa.selenium.remote.W3CHandshakeResponse.lambda$errorHandler$0(W3CHandshakeResponse.java:62)
at org.openqa.selenium.remote.HandshakeResponse.lambda$getResponseFunction$0(HandshakeResponse.java:30)
at org.openqa.selenium.remote.ProtocolHandshake.lambda$createSession$0(ProtocolHandshake.java:126)
at java.util.stream.ReferencePipeline$3$1.accept(Unknown Source)
at java.util.Spliterators$ArraySpliterator.tryAdvance(Unknown Source)
at java.util.stream.ReferencePipeline.forEachWithCancel(Unknown Source)
at java.util.stream.AbstractPipeline.copyIntoWithCancel(Unknown Source)
at java.util.stream.AbstractPipeline.copyInto(Unknown Source)
at java.util.stream.AbstractPipeline.wrapAndCopyInto(Unknown Source)
at java.util.stream.FindOps$FindOp.evaluateSequential(Unknown Source)
at java.util.stream.AbstractPipeline.evaluate(Unknown Source)
at java.util.stream.ReferencePipeline.findFirst(Unknown Source)
at org.openqa.selenium.remote.ProtocolHandshake.createSession(ProtocolHandshake.java:128)
at org.openqa.selenium.remote.ProtocolHandshake.createSession(ProtocolHandshake.java:74)
at org.openqa.selenium.remote.HttpCommandExecutor.execute(HttpCommandExecutor.java:136)
at org.openqa.selenium.remote.service.DriverCommandExecutor.execute(DriverCommandExecutor.java:83)
at org.openqa.selenium.remote.RemoteWebDriver.execute(RemoteWebDriver.java:552)
at org.openqa.selenium.remote.RemoteWebDriver.startSession(RemoteWebDriver.java:213)
at org.openqa.selenium.remote.RemoteWebDriver.<init>(RemoteWebDriver.java:131)
at org.openqa.selenium.chrome.ChromeDriver.<init>(ChromeDriver.java:181)
at org.openqa.selenium.chrome.ChromeDriver.<init>(ChromeDriver.java:168)
at org.openqa.selenium.chrome.ChromeDriver.<init>(ChromeDriver.java:123)
at frameworkpractice.Generalclas.launchbrowser(Generalclas.java:17)
at frameworkpractice.Tc001_login.login(Tc001_login.java:9)
at sun.reflect.NativeMethodAccessorImpl.invoke0(Native Method)
at sun.reflect.NativeMethodAccessorImpl.invoke(Unknown Source)
at sun.reflect.DelegatingMethodAccessorImpl.invoke(Unknown Source)
at java.lang.reflect.Method.invoke(Unknown Source)
at org.testng.internal.MethodInvocationHelper.invokeMethod(MethodInvocationHelper.java:133)
at org.testng.internal.TestInvoker.invokeMethod(TestInvoker.java:584)
at org.testng.internal.TestInvoker.invokeTestMethod(TestInvoker.java:172)
at org.testng.internal.MethodRunner.runInSequence(MethodRunner.java:46)
at org.testng.internal.TestInvoker$MethodInvocationAgent.invoke(TestInvoker.java:804)
at org.testng.internal.TestInvoker.invokeTestMethods(TestInvoker.java:145)
at org.testng.internal.TestMethodWorker.invokeTestMethods(TestMethodWorker.java:146)
at org.testng.internal.TestMethodWorker.run(TestMethodWorker.java:128)
at java.util.ArrayList.forEach(Unknown Source)
at org.testng.TestRunner.privateRun(TestRunner.java:770)
at org.testng.TestRunner.run(TestRunner.java:591)
at org.testng.SuiteRunner.runTest(SuiteRunner.java:402)
at org.testng.SuiteRunner.runSequentially(SuiteRunner.java:396)
at org.testng.SuiteRunner.privateRun(SuiteRunner.java:355)
at org.testng.SuiteRunner.run(SuiteRunner.java:304)
at org.testng.SuiteRunnerWorker.runSuite(SuiteRunnerWorker.java:53)
at org.testng.SuiteRunnerWorker.run(SuiteRunnerWorker.java:96)
at org.testng.TestNG.runSuitesSequentially(TestNG.java:1180)
at org.testng.TestNG.runSuitesLocally(TestNG.java:1102)
at org.testng.TestNG.runSuites(TestNG.java:1032)
at org.testng.TestNG.run(TestNG.java:1000)
at org.testng.remote.AbstractRemoteTestNG.run(AbstractRemoteTestNG.java:115)
at org.testng.remote.RemoteTestNG.initAndRun(RemoteTestNG.java:251)
at org.testng.remote.RemoteTestNG.main(RemoteTestNG.java:77)
]]>
    </error>
  </testcase> <!-- login -->
</testsuite> <!-- frameworkpractice.Tc001_login -->
